<?xml version="1.0" encoding="utf-8"?><testsuites name="pytest tests"><testsuite name="pytest" errors="0" failures="0" skipped="0" tests="54" time="12.960" timestamp="2026-07-13T14:54:17.701838+00:00" hostname="agent-env-5e2ab800-7f57-470c-b958-35ce5218e441"><testcase classname="tests.test_settings_persistence.TestSettingsPersistence" name="test_01_get_settings_200_and_shape" time="0.239" /><testcase classname="tests.test_settings_persistence.TestSettingsPersistence" name="test_02_post_updates_custom_sessions_and_get_reflects" time="0.251" /><testcase classname="tests.test_krypto_alert_features.TestKryptoAlert" name="test_01_health_minimal_alive" time="0.407" /><testcase classname="tests.test_krypto_alert_features.TestKryptoAlert" name="test_02_coins_top10_and_other" time="0.044" /><testcase classname="tests.test_krypto_alert_features.TestKryptoAlert" name="test_03_klines_btc" time="0.196" /><testcase classname="tests.test_settings_persistence.TestSettingsPersistence" name="test_03_post_empty_custom_sessions_marks_247_mode" time="0.376" /><testcase classname="tests.test_krypto_alert_features.TestKryptoAlert" name="test_04_klines_gold_no_crash" time="0.064" /><testcase classname="tests.test_krypto_alert_features.TestKryptoAlert" name="test_05_strategies_list" time="0.047" /><testcase classname="tests.test_krypto_alert_features.TestKryptoAlert" name="test_06_builder_options" time="0.046" /><testcase classname="tests.test_krypto_alert_features.TestKryptoAlert" name="test_07_rule_states_btc" time="0.048" /><testcase classname="tests.test_krypto_alert_features.TestKryptoAlert" name="test_08_settings_get" time="0.098" /><testcase classname="tests.test_settings_persistence.TestSettingsPersistence" name="test_04_post_pre_signal_enabled_toggles" time="0.457" /><testcase classname="tests.test_krypto_alert_features.TestKryptoAlert" name="test_09_settings_post_persists" time="0.096" /><testcase classname="tests.test_krypto_alert_features.TestKryptoAlert" name="test_10_create_custom_strategy" time="0.101" /><testcase classname="tests.test_krypto_alert_features.TestKryptoAlert" name="test_11_delete_custom_strategy" time="0.146" /><testcase classname="tests.test_krypto_alert_features.TestKryptoAlert" name="test_12_autotrade_config_get" time="0.089" /><testcase classname="tests.test_settings_persistence.TestSettingsPersistence" name="test_05_partial_update_preserves_custom_sessions" time="0.358" /><testcase classname="tests.test_krypto_alert_features.TestKryptoAlert" name="test_13_autotrade_coin_persists" time="0.119" /><testcase classname="tests.test_krypto_alert_features.TestKryptoAlert" name="test_14_autotrade_mode_toggle" time="0.060" /><testcase classname="tests.test_krypto_alert_features.TestKryptoAlert" name="test_15_autotrade_trades" time="0.051" /><testcase classname="tests.test_krypto_alert_features.TestKryptoAlert" name="test_16_autotrade_balance_paper" time="0.101" /><testcase classname="tests.test_settings_persistence.TestSettingsPersistence" name="test_06_post_ignores_unknown_field" time="0.211" /><testcase classname="tests.test_krypto_alert_features.TestKryptoAlert" name="test_17_signals_today_only" time="0.146" /><testcase classname="tests.test_krypto_alert_features.TestKryptoAlert" name="test_18_performance_by_strategy" time="0.091" /><testcase classname="tests.test_settings_persistence.TestSettingsPersistence" name="test_07_session_status_shape" time="0.134" /><testcase classname="tests.test_krypto_alert_features.TestKryptoAlert" name="test_19_analytics_daily" time="0.046" /><testcase classname="tests.test_krypto_alert_features.TestKryptoAlert" name="test_20_analytics_time_based" time="0.090" /><testcase classname="tests.test_settings_persistence.TestSettingsPersistence" name="test_08_disabled_only_session_yields_247_mode" time="0.211" /><testcase classname="tests.test_krypto_alert_features.TestKryptoAlert" name="test_21_session_status_shape" time="0.404" /><testcase classname="tests.test_settings_persistence.TestSettingsPersistence" name="test_09_active_within_full_day_window" time="0.213" /><testcase classname="tests.test_settings_persistence.TestSettingsPersistence" name="test_10_get_settings_has_active_strategy_default" time="0.210" /><testcase classname="tests.test_health_endpoints.TestHealthEndpoint" name="test_health_status_code_200" time="0.096" /><testcase classname="tests.test_health_endpoints.TestHealthEndpoint" name="test_health_returns_json_dict" time="0.142" /><testcase classname="tests.test_settings_persistence.TestSettingsPersistence" name="test_11_switch_active_strategy_to_rsi_only" time="0.346" /><testcase classname="tests.test_health_endpoints.TestHealthEndpoint" name="test_health_status_alive" time="0.095" /><testcase classname="tests.test_health_endpoints.TestHealthEndpoint" name="test_health_is_minimal" time="0.116" /><testcase classname="tests.test_health_endpoints.TestHealthEndpoint" name="test_health_is_lightweight_fast" time="0.104" /><testcase classname="tests.test_settings_persistence.TestSettingsPersistence" name="test_12_switch_active_strategy_back_to_scalping" time="0.317" /><testcase classname="tests.test_strategies.TestStrategiesEndpoint" name="test_strategies_200_and_shape" time="0.100" /><testcase classname="tests.test_strategies.TestStrategiesEndpoint" name="test_strategies_list_contains_scalping_and_rsi_only" time="0.101" /><testcase classname="tests.test_strategies.TestStrategiesEndpoint" name="test_strategies_each_has_required_metadata" time="0.131" /><testcase classname="tests.test_settings_persistence.TestSettingsPersistence" name="test_13_partial_update_preserves_active_strategy" time="0.354" /><testcase classname="tests.test_strategies.TestStrategiesEndpoint" name="test_strategies_active_is_one_of_the_listed" time="0.098" /><testcase classname="tests.test_strategies.TestStrategiesEndpoint" name="test_get_settings_exposes_active_strategy" time="0.152" /><testcase classname="tests.test_health_endpoints.TestCoinsEndpoint" name="test_coins_200" time="0.092" /><testcase classname="tests.test_settings_persistence.TestSettingsPersistence" name="test_14_settings_survive_backend_restart" time="8.239" /><testcase classname="tests.test_health_endpoints.TestCoinsEndpoint" name="test_coins_list_of_10" time="0.141" /><testcase classname="tests.test_health_endpoints.TestCoinsEndpoint" name="test_coins_contain_expected_symbols" time="0.113" /><testcase classname="tests.test_health_endpoints.TestRootEndpoint" name="test_root_200" time="0.002" /><testcase classname="tests.test_health_endpoints.TestRootEndpoint" name="test_root_returns_app_and_status" time="0.001" /><testcase classname="tests.test_settings_persistence.TestSettingsPersistence" name="test_15_telegram_test_endpoint" time="0.221" /><testcase classname="tests.test_health_endpoints.TestSessionStatusEndpoint" name="test_session_status_200" time="0.110" /><testcase classname="tests.test_health_endpoints.TestSessionStatusEndpoint" name="test_session_status_fields" time="0.097" /><testcase classname="tests.test_health_endpoints.TestSessionStatusEndpoint" name="test_session_berlin_time_shape" time="0.107" /></testsuite></testsuites>