<?xml version="1.0" encoding="utf-8"?><testsuites name="pytest tests"><testsuite name="pytest" errors="0" failures="0" skipped="0" tests="16" time="1.384" timestamp="2026-07-12T18:03:07.486800+00:00" hostname="agent-env-d6c1c3ed-ef4c-40ab-84eb-298bc25f1d12"><testcase classname="tests.test_health_endpoints.TestHealthEndpoint" name="test_health_status_code_200" time="0.117" /><testcase classname="tests.test_health_endpoints.TestCoinsEndpoint" name="test_coins_200" time="0.138" /><testcase classname="tests.test_health_endpoints.TestHealthEndpoint" name="test_health_returns_json" time="0.102" /><testcase classname="tests.test_health_endpoints.TestCoinsEndpoint" name="test_coins_list_of_10" time="0.149" /><testcase classname="tests.test_health_endpoints.TestHealthEndpoint" name="test_health_required_fields_present" time="0.135" /><testcase classname="tests.test_health_endpoints.TestCoinsEndpoint" name="test_coins_contain_expected_symbols" time="0.147" /><testcase classname="tests.test_health_endpoints.TestHealthEndpoint" name="test_health_status_alive" time="0.095" /><testcase classname="tests.test_health_endpoints.TestSessionStatusEndpoint" name="test_session_status_200" time="0.104" /><testcase classname="tests.test_health_endpoints.TestHealthEndpoint" name="test_health_timestamp_iso_format" time="0.091" /><testcase classname="tests.test_health_endpoints.TestSessionStatusEndpoint" name="test_session_status_fields" time="0.102" /><testcase classname="tests.test_health_endpoints.TestHealthEndpoint" name="test_health_websocket_clients_is_integer" time="0.150" /><testcase classname="tests.test_health_endpoints.TestSessionStatusEndpoint" name="test_session_current_time_iso" time="0.105" /><testcase classname="tests.test_health_endpoints.TestHealthEndpoint" name="test_health_session_active_is_boolean" time="0.136" /><testcase classname="tests.test_health_endpoints.TestRootEndpoint" name="test_root_200" time="0.002" /><testcase classname="tests.test_health_endpoints.TestRootEndpoint" name="test_root_returns_expected_fields" time="0.001" /><testcase classname="tests.test_health_endpoints.TestHealthEndpoint" name="test_health_is_lightweight_fast" time="0.096" /></testsuite></testsuites>